<?xml version="1.0" encoding="UTF-8"?>
<testsuite name="com.ecommerce.microcommerce.service.ProductServiceTest" time="0.139" tests="2" errors="2" skipped="0" failures="0">
  <properties>
    <property name="java.runtime.name" value="OpenJDK Runtime Environment"/>
    <property name="java.vm.version" value="11.0.5+10-b520.17"/>
    <property name="sun.boot.library.path" value="/home/liance/Bureau/idea-IC-193.5662.53/jbr/lib"/>
    <property name="maven.multiModuleProjectDirectory" value="/home/liance/Documents/monprojetPanier_Produit/Mcommerce-byRemil"/>
    <property name="java.vm.vendor" value="JetBrains s.r.o"/>
    <property name="java.vendor.url" value="https://www.jetbrains.com/"/>
    <property name="guice.disable.misplaced.annotation.check" value="true"/>
    <property name="path.separator" value=":"/>
    <property name="java.vm.name" value="OpenJDK 64-Bit Server VM"/>
    <property name="sun.os.patch.level" value="unknown"/>
    <property name="user.country" value="US"/>
    <property name="sun.java.launcher" value="SUN_STANDARD"/>
    <property name="java.vm.specification.name" value="Java Virtual Machine Specification"/>
    <property name="user.dir" value="/home/liance/Documents/monprojetPanier_Produit/Mcommerce-byRemil"/>
    <property name="java.vm.compressedOopsMode" value="Zero based"/>
    <property name="java.runtime.version" value="11.0.5+10-b520.17"/>
    <property name="java.awt.graphicsenv" value="sun.awt.X11GraphicsEnvironment"/>
    <property name="os.arch" value="amd64"/>
    <property name="java.io.tmpdir" value="/tmp"/>
    <property name="line.separator" value="&#10;"/>
    <property name="java.vm.specification.vendor" value="Oracle Corporation"/>
    <property name="os.name" value="Linux"/>
    <property name="maven.ext.class.path" value="/home/liance/Bureau/idea-IC-193.5662.53/plugins/maven/lib/maven-event-listener.jar"/>
    <property name="classworlds.conf" value="/home/liance/Bureau/idea-IC-193.5662.53/plugins/maven/lib/maven3/bin/m2.conf"/>
    <property name="sun.jnu.encoding" value="UTF-8"/>
    <property name="java.library.path" value="/usr/java/packages/lib:/usr/lib64:/lib64:/lib:/usr/lib"/>
    <property name="maven.conf" value="/home/liance/Bureau/idea-IC-193.5662.53/plugins/maven/lib/maven3/conf"/>
    <property name="jdk.debug" value="release"/>
    <property name="java.class.version" value="55.0"/>
    <property name="java.specification.name" value="Java Platform API Specification"/>
    <property name="sun.management.compiler" value="HotSpot 64-Bit Tiered Compilers"/>
    <property name="os.version" value="5.3.0-42-generic"/>
    <property name="idea.version2019.3.1" value="true"/>
    <property name="user.home" value="/home/liance"/>
    <property name="user.timezone" value="Europe/Paris"/>
    <property name="java.awt.printerjob" value="sun.print.PSPrinterJob"/>
    <property name="file.encoding" value="UTF-8"/>
    <property name="java.specification.version" value="11"/>
    <property name="user.name" value="liance"/>
    <property name="java.class.path" value="/home/liance/Bureau/idea-IC-193.5662.53/plugins/maven/lib/maven3/boot/plexus-classworlds-2.6.0.jar"/>
    <property name="java.vm.specification.version" value="11"/>
    <property name="sun.arch.data.model" value="64"/>
    <property name="sun.java.command" value="org.codehaus.classworlds.Launcher -Didea.version2019.3.1 package"/>
    <property name="java.home" value="/home/liance/Bureau/idea-IC-193.5662.53/jbr"/>
    <property name="user.language" value="en"/>
    <property name="java.specification.vendor" value="Oracle Corporation"/>
    <property name="awt.toolkit" value="sun.awt.X11.XToolkit"/>
    <property name="java.vm.info" value="mixed mode"/>
    <property name="java.version" value="11.0.5"/>
    <property name="securerandom.source" value="file:/dev/./urandom"/>
    <property name="java.vendor" value="JetBrains s.r.o"/>
    <property name="maven.home" value="/home/liance/Bureau/idea-IC-193.5662.53/plugins/maven/lib/maven3"/>
    <property name="file.separator" value="/"/>
    <property name="java.version.date" value="2019-10-15"/>
    <property name="java.vendor.url.bug" value="https://youtrack.jetbrains.com"/>
    <property name="sun.io.unicode.encoding" value="UnicodeLittle"/>
    <property name="sun.cpu.endian" value="little"/>
    <property name="sun.desktop" value="gnome"/>
    <property name="sun.cpu.isalist" value=""/>
  </properties>
  <testcase name="testProductreturnsRating" classname="com.ecommerce.microcommerce.service.ProductServiceTest" time="0.037">
    <error message="&apos;org.assertj.core.api.AbstractCharSequenceAssert org.assertj.core.api.Assertions.assertThat(java.lang.String)&apos;" type="java.lang.NoSuchMethodError">java.lang.NoSuchMethodError: 'org.assertj.core.api.AbstractCharSequenceAssert org.assertj.core.api.Assertions.assertThat(java.lang.String)'
	at com.ecommerce.microcommerce.service.ProductServiceTest.testProductreturnsRating(ProductServiceTest.java:65)
</error>
  </testcase>
  <testcase name="testProductreturnsAllItemsFromRepository" classname="com.ecommerce.microcommerce.service.ProductServiceTest" time="0.102">
    <error message="&apos;org.assertj.core.api.AbstractCharSequenceAssert org.assertj.core.api.Assertions.assertThat(java.lang.String)&apos;" type="java.lang.NoSuchMethodError">java.lang.NoSuchMethodError: 'org.assertj.core.api.AbstractCharSequenceAssert org.assertj.core.api.Assertions.assertThat(java.lang.String)'
	at com.ecommerce.microcommerce.service.ProductServiceTest.testProductreturnsAllItemsFromRepository(ProductServiceTest.java:49)
</error>
  </testcase>
</testsuite>